TN:
SF:/home/yobertyalej/code/exodus/iot/db/index.js
FN:10,(anonymous_0)
FNF:1
FNH:1
FNDA:13,(anonymous_0)
DA:3,13
DA:4,13
DA:5,13
DA:6,13
DA:7,13
DA:8,13
DA:10,13
DA:11,13
DA:23,13
DA:24,13
DA:25,13
DA:27,13
DA:28,13
DA:30,13
DA:32,13
DA:33,0
DA:36,13
DA:37,13
DA:39,13
LF:19
LH:18
BRDA:32,0,0,0
BRDA:32,0,1,13
BRF:2
BRH:1
end_of_record
TN:
SF:/home/yobertyalej/code/exodus/iot/db/lib/AgentService.js
FN:6,(anonymous_0)
FNF:1
FNH:1
FNDA:13,(anonymous_0)
DA:3,2
DA:7,13
DA:8,13
DA:12,2
LF:4
LH:4
BRF:0
BRH:0
end_of_record
TN:
SF:/home/yobertyalej/code/exodus/iot/db/lib/BaseService.js
FN:4,(anonymous_0)
FN:8,(anonymous_1)
FN:12,(anonymous_2)
FN:20,(anonymous_3)
FN:24,(anonymous_4)
FN:42,(anonymous_5)
FN:50,(anonymous_6)
FN:59,(anonymous_7)
FNF:8
FNH:6
FNDA:13,(anonymous_0)
FNDA:1,(anonymous_1)
FNDA:1,(anonymous_2)
FNDA:0,(anonymous_3)
FNDA:2,(anonymous_4)
FNDA:1,(anonymous_5)
FNDA:1,(anonymous_6)
FNDA:0,(anonymous_7)
DA:5,13
DA:9,1
DA:13,1
DA:21,0
DA:25,2
DA:31,2
DA:33,2
DA:34,1
DA:35,1
DA:38,1
DA:39,1
DA:43,1
DA:51,1
DA:60,0
DA:69,2
LF:15
LH:13
BRDA:33,0,0,1
BRDA:33,0,1,1
BRDA:35,1,0,1
BRDA:35,1,1,0
BRF:4
BRH:3
end_of_record
TN:
SF:/home/yobertyalej/code/exodus/iot/db/lib/MetricService.js
FN:4,(anonymous_0)
FN:9,(anonymous_1)
FN:22,(anonymous_2)
FN:36,(anonymous_3)
FNF:4
FNH:4
FNDA:13,(anonymous_0)
FNDA:1,(anonymous_1)
FNDA:1,(anonymous_2)
FNDA:1,(anonymous_3)
DA:5,13
DA:6,13
DA:10,1
DA:23,1
DA:37,1
DA:41,1
DA:42,1
DA:43,1
DA:44,1
DA:49,2
LF:10
LH:10
BRDA:41,0,0,1
BRDA:41,0,1,0
BRF:2
BRH:1
end_of_record
TN:
SF:/home/yobertyalej/code/exodus/iot/db/lib/db.js
FN:6,setupDatabase
FNF:1
FNH:1
FNDA:13,setupDatabase
DA:3,2
DA:4,2
DA:6,2
DA:7,13
DA:8,2
DA:10,13
LF:6
LH:6
BRDA:7,0,0,2
BRDA:7,0,1,11
BRF:2
BRH:2
end_of_record
TN:
SF:/home/yobertyalej/code/exodus/iot/db/models/agent.js
FN:6,setupAgentModel
FNF:1
FNH:0
FNDA:0,setupAgentModel
DA:3,2
DA:4,2
DA:6,2
DA:7,0
DA:9,0
LF:5
LH:3
BRF:0
BRH:0
end_of_record
TN:
SF:/home/yobertyalej/code/exodus/iot/db/models/metric.js
FN:6,setupMetricModel
FNF:1
FNH:0
FNDA:0,setupMetricModel
DA:3,2
DA:4,2
DA:6,2
DA:7,0
DA:9,0
LF:5
LH:3
BRF:0
BRH:0
end_of_record
TN:
SF:/home/yobertyalej/code/exodus/iot/db/tests/agent-tests.js
FN:9,(anonymous_4)
FN:53,(anonymous_5)
FN:77,(anonymous_6)
FN:85,(anonymous_7)
FN:86,(anonymous_8)
FN:92,(anonymous_9)
FN:97,(anonymous_10)
FN:101,(anonymous_11)
FN:108,(anonymous_12)
FN:118,(anonymous_13)
FN:128,(anonymous_14)
FN:139,(anonymous_15)
FN:150,(anonymous_16)
FN:160,(anonymous_17)
FNF:14
FNH:14
FNDA:8,(anonymous_4)
FNDA:8,(anonymous_5)
FNDA:1,(anonymous_6)
FNDA:8,(anonymous_7)
FNDA:8,(anonymous_8)
FNDA:8,(anonymous_9)
FNDA:1,(anonymous_10)
FNDA:1,(anonymous_11)
FNDA:1,(anonymous_12)
FNDA:1,(anonymous_13)
FNDA:1,(anonymous_14)
FNDA:1,(anonymous_15)
FNDA:1,(anonymous_16)
FNDA:1,(anonymous_17)
DA:3,1
DA:4,1
DA:5,1
DA:6,1
DA:8,1
DA:12,1
DA:16,1
DA:17,1
DA:18,1
DA:19,1
DA:20,1
DA:21,1
DA:22,1
DA:24,1
DA:30,1
DA:36,1
DA:43,1
DA:53,1
DA:54,8
DA:56,8
DA:61,8
DA:62,8
DA:65,8
DA:66,8
DA:69,8
DA:70,8
DA:71,8
DA:72,8
DA:75,8
DA:76,8
DA:77,1
DA:81,8
DA:82,8
DA:84,8
DA:85,8
DA:86,8
DA:88,8
DA:92,1
DA:93,8
DA:97,1
DA:98,1
DA:101,4
DA:102,1
DA:103,1
DA:104,1
DA:105,1
DA:108,3
DA:109,1
DA:111,1
DA:112,1
DA:113,1
DA:115,1
DA:118,3
DA:119,1
DA:121,1
DA:122,1
DA:123,1
DA:125,1
DA:128,3
DA:129,1
DA:131,1
DA:132,1
DA:133,1
DA:135,1
DA:136,1
DA:139,3
DA:140,1
DA:142,1
DA:143,1
DA:144,1
DA:146,1
DA:147,1
DA:150,3
DA:151,1
DA:153,1
DA:154,1
DA:155,1
DA:157,1
DA:160,6
DA:161,1
DA:163,1
DA:164,1
DA:165,1
DA:168,1
DA:169,1
DA:170,1
DA:172,1
LF:87
LH:87
BRDA:93,0,0,8
BRDA:93,0,1,8
BRF:2
BRH:2
end_of_record
TN:
SF:/home/yobertyalej/code/exodus/iot/db/tests/metric-tests.js
FN:10,(anonymous_4)
FN:60,(anonymous_5)
FN:77,(anonymous_6)
FN:90,(anonymous_7)
FN:91,(anonymous_8)
FN:97,(anonymous_9)
FN:101,(anonymous_10)
FN:105,(anonymous_11)
FN:112,(anonymous_12)
FN:122,(anonymous_13)
FN:132,(anonymous_14)
FNF:11
FNH:11
FNDA:5,(anonymous_4)
FNDA:5,(anonymous_5)
FNDA:1,(anonymous_6)
FNDA:5,(anonymous_7)
FNDA:5,(anonymous_8)
FNDA:5,(anonymous_9)
FNDA:1,(anonymous_10)
FNDA:1,(anonymous_11)
FNDA:1,(anonymous_12)
FNDA:1,(anonymous_13)
FNDA:1,(anonymous_14)
DA:3,1
DA:4,1
DA:5,1
DA:6,1
DA:7,1
DA:9,1
DA:13,1
DA:14,1
DA:15,1
DA:16,1
DA:17,1
DA:18,1
DA:20,1
DA:24,1
DA:37,1
DA:54,1
DA:60,1
DA:61,5
DA:63,5
DA:67,5
DA:72,5
DA:73,5
DA:75,5
DA:76,5
DA:77,1
DA:80,5
DA:81,5
DA:84,5
DA:85,5
DA:86,5
DA:87,5
DA:89,5
DA:90,5
DA:91,5
DA:94,5
DA:97,1
DA:98,5
DA:101,1
DA:102,1
DA:105,4
DA:106,1
DA:107,1
DA:108,1
DA:109,1
DA:112,3
DA:113,1
DA:115,1
DA:116,1
DA:117,1
DA:119,1
DA:122,3
DA:123,1
DA:125,1
DA:126,1
DA:127,1
DA:129,1
DA:132,6
DA:133,1
DA:135,1
DA:136,1
DA:137,1
DA:139,1
DA:140,1
DA:141,1
DA:143,1
LF:65
LH:65
BRDA:98,0,0,5
BRDA:98,0,1,5
BRF:2
BRH:2
end_of_record
TN:
SF:/home/yobertyalej/code/exodus/iot/db/tests/fixtures/agent.js
FN:29,(anonymous_0)
FN:30,(anonymous_1)
FN:31,(anonymous_2)
FN:31,(anonymous_3)
FN:32,(anonymous_4)
FN:32,(anonymous_5)
FNF:6
FNH:6
FNDA:8,(anonymous_0)
FNDA:8,(anonymous_1)
FNDA:14,(anonymous_2)
FNDA:56,(anonymous_3)
FNDA:11,(anonymous_4)
FNDA:44,(anonymous_5)
DA:3,2
DA:5,2
DA:7,2
DA:19,2
DA:26,2
DA:29,8
DA:30,8
DA:31,56
DA:32,44
LF:9
LH:9
BRF:0
BRH:0
end_of_record
TN:
SF:/home/yobertyalej/code/exodus/iot/db/tests/fixtures/metric.js
FN:25,findByAgentUuid
FN:26,(anonymous_1)
FN:26,(anonymous_2)
FN:35,findByTypeAgentUuid
FN:36,(anonymous_4)
FN:36,(anonymous_5)
FN:49,(anonymous_6)
FN:50,(anonymous_7)
FN:51,(anonymous_8)
FNF:9
FNH:9
FNDA:6,findByAgentUuid
FNDA:30,(anonymous_1)
FNDA:24,(anonymous_2)
FNDA:6,findByTypeAgentUuid
FNDA:30,(anonymous_4)
FNDA:6,(anonymous_5)
FNDA:5,(anonymous_6)
FNDA:5,(anonymous_7)
FNDA:5,(anonymous_8)
DA:3,1
DA:4,1
DA:6,1
DA:8,1
DA:17,1
DA:26,30
DA:27,24
DA:29,24
DA:31,24
DA:36,30
DA:37,6
DA:39,6
DA:40,6
DA:42,6
DA:46,1
DA:49,5
DA:50,5
DA:51,5
LF:18
LH:18
BRDA:26,0,0,30
BRDA:26,0,1,0
BRDA:36,1,0,30
BRDA:36,1,1,6
BRDA:36,2,0,6
BRDA:36,2,1,0
BRF:6
BRH:4
end_of_record
TN:
SF:/home/yobertyalej/code/exodus/iot/db/utils/index.js
FN:5,extend
FN:10,sortBy
FN:11,(anonymous_2)
FN:25,handleFatalError
FNF:4
FNH:2
FNDA:10,extend
FNDA:6,sortBy
FNDA:0,(anonymous_2)
FNDA:0,handleFatalError
DA:3,2
DA:6,10
DA:7,10
DA:11,6
DA:12,0
DA:13,0
DA:15,0
DA:16,0
DA:17,0
DA:18,0
DA:20,0
DA:26,0
DA:27,0
DA:28,0
DA:31,2
LF:15
LH:5
BRDA:15,0,0,0
BRDA:15,0,1,0
BRDA:17,1,0,0
BRDA:17,1,1,0
BRF:4
BRH:0
end_of_record
