{"/home/yobertyalej/code/exodus/iot/db/tests/metric-tests.js":{"path":"/home/yobertyalej/code/exodus/iot/db/tests/metric-tests.js","statementMap":{"0":{"start":{"line":3,"column":30},"end":{"line":3,"column":5630}},"1":{"start":{"line":4,"column":27},"end":{"line":4,"column":486}},"2":{"start":{"line":4,"column":74},"end":{"line":4,"column":93}},"3":{"start":{"line":4,"column":96},"end":{"line":4,"column":236}},"4":{"start":{"line":4,"column":166},"end":{"line":4,"column":219}},"5":{"start":{"line":4,"column":220},"end":{"line":4,"column":233}},"6":{"start":{"line":4,"column":237},"end":{"line":4,"column":454}},"7":{"start":{"line":4,"column":328},"end":{"line":4,"column":341}},"8":{"start":{"line":4,"column":343},"end":{"line":4,"column":362}},"9":{"start":{"line":4,"column":363},"end":{"line":4,"column":451}},"10":{"start":{"line":4,"column":455},"end":{"line":4,"column":482}},"11":{"start":{"line":6,"column":13},"end":{"line":6,"column":27}},"12":{"start":{"line":7,"column":14},"end":{"line":7,"column":30}},"13":{"start":{"line":8,"column":19},"end":{"line":8,"column":40}},"14":{"start":{"line":9,"column":22},"end":{"line":9,"column":49}},"15":{"start":{"line":10,"column":23},"end":{"line":10,"column":51}},"16":{"start":{"line":12,"column":13},"end":{"line":14,"column":1}},"17":{"start":{"line":16,"column":11},"end":{"line":16,"column":24}},"18":{"start":{"line":17,"column":11},"end":{"line":17,"column":16}},"19":{"start":{"line":18,"column":17},"end":{"line":18,"column":21}},"20":{"start":{"line":19,"column":16},"end":{"line":19,"column":20}},"21":{"start":{"line":20,"column":9},"end":{"line":20,"column":13}},"22":{"start":{"line":21,"column":14},"end":{"line":21,"column":18}},"23":{"start":{"line":23,"column":15},"end":{"line":25,"column":1}},"24":{"start":{"line":27,"column":21},"end":{"line":38,"column":1}},"25":{"start":{"line":40,"column":19},"end":{"line":55,"column":1}},"26":{"start":{"line":57,"column":16},"end":{"line":61,"column":1}},"27":{"start":{"line":63,"column":0},"end":{"line":99,"column":3}},"28":{"start":{"line":64,"column":2},"end":{"line":64,"column":34}},"29":{"start":{"line":66,"column":2},"end":{"line":68,"column":4}},"30":{"start":{"line":70,"column":2},"end":{"line":74,"column":4}},"31":{"start":{"line":74,"column":4},"end":{"line":74,"column":39}},"32":{"start":{"line":75,"column":2},"end":{"line":75,"column":92}},"33":{"start":{"line":77,"column":2},"end":{"line":77,"column":37}},"34":{"start":{"line":78,"column":2},"end":{"line":82,"column":6}},"35":{"start":{"line":80,"column":6},"end":{"line":80,"column":23}},"36":{"start":{"line":84,"column":2},"end":{"line":84,"column":46}},"37":{"start":{"line":85,"column":2},"end":{"line":85,"column":44}},"38":{"start":{"line":88,"column":2},"end":{"line":88,"column":38}},"39":{"start":{"line":89,"column":2},"end":{"line":89,"column":77}},"40":{"start":{"line":90,"column":2},"end":{"line":90,"column":109}},"41":{"start":{"line":91,"column":2},"end":{"line":91,"column":117}},"42":{"start":{"line":93,"column":24},"end":{"line":96,"column":4}},"43":{"start":{"line":94,"column":28},"end":{"line":94,"column":37}},"44":{"start":{"line":95,"column":29},"end":{"line":95,"column":39}},"45":{"start":{"line":98,"column":2},"end":{"line":98,"column":35}},"46":{"start":{"line":101,"column":0},"end":{"line":103,"column":3}},"47":{"start":{"line":102,"column":2},"end":{"line":102,"column":31}},"48":{"start":{"line":105,"column":0},"end":{"line":116,"column":3}},"49":{"start":{"line":106,"column":13},"end":{"line":106,"column":39}},"50":{"start":{"line":108,"column":2},"end":{"line":115,"column":37}},"51":{"start":{"line":118,"column":0},"end":{"line":156,"column":3}},"52":{"start":{"line":119,"column":14},"end":{"line":119,"column":40}},"53":{"start":{"line":120,"column":14},"end":{"line":120,"column":40}},"54":{"start":{"line":121,"column":14},"end":{"line":121,"column":40}},"55":{"start":{"line":122,"column":14},"end":{"line":122,"column":40}},"56":{"start":{"line":124,"column":2},"end":{"line":131,"column":41}},"57":{"start":{"line":132,"column":2},"end":{"line":139,"column":44}},"58":{"start":{"line":140,"column":2},"end":{"line":147,"column":44}},"59":{"start":{"line":148,"column":2},"end":{"line":155,"column":43}},"60":{"start":{"line":158,"column":0},"end":{"line":194,"column":3}},"61":{"start":{"line":159,"column":14},"end":{"line":159,"column":40}},"62":{"start":{"line":160,"column":14},"end":{"line":160,"column":40}},"63":{"start":{"line":161,"column":14},"end":{"line":161,"column":40}},"64":{"start":{"line":163,"column":15},"end":{"line":163,"column":52}},"65":{"start":{"line":165,"column":2},"end":{"line":173,"column":43}},"66":{"start":{"line":174,"column":2},"end":{"line":182,"column":39}},"67":{"start":{"line":183,"column":2},"end":{"line":191,"column":64}},"68":{"start":{"line":193,"column":2},"end":{"line":193,"column":82}},"69":{"start":{"line":196,"column":0},"end":{"line":232,"column":3}},"70":{"start":{"line":197,"column":14},"end":{"line":197,"column":40}},"71":{"start":{"line":198,"column":15},"end":{"line":198,"column":41}},"72":{"start":{"line":199,"column":15},"end":{"line":199,"column":41}},"73":{"start":{"line":201,"column":15},"end":{"line":201,"column":62}},"74":{"start":{"line":203,"column":2},"end":{"line":211,"column":43}},"75":{"start":{"line":212,"column":2},"end":{"line":220,"column":39}},"76":{"start":{"line":221,"column":2},"end":{"line":229,"column":62}},"77":{"start":{"line":231,"column":2},"end":{"line":231,"column":92}},"78":{"start":{"line":234,"column":0},"end":{"line":301,"column":3}},"79":{"start":{"line":235,"column":15},"end":{"line":235,"column":41}},"80":{"start":{"line":236,"column":15},"end":{"line":236,"column":41}},"81":{"start":{"line":237,"column":15},"end":{"line":237,"column":41}},"82":{"start":{"line":238,"column":15},"end":{"line":238,"column":41}},"83":{"start":{"line":239,"column":15},"end":{"line":239,"column":41}},"84":{"start":{"line":240,"column":15},"end":{"line":240,"column":41}},"85":{"start":{"line":242,"column":15},"end":{"line":242,"column":54}},"86":{"start":{"line":244,"column":2},"end":{"line":252,"column":49}},"87":{"start":{"line":253,"column":2},"end":{"line":261,"column":45}},"88":{"start":{"line":262,"column":2},"end":{"line":270,"column":49}},"89":{"start":{"line":272,"column":2},"end":{"line":280,"column":42}},"90":{"start":{"line":281,"column":2},"end":{"line":289,"column":38}},"91":{"start":{"line":290,"column":2},"end":{"line":298,"column":53}},"92":{"start":{"line":300,"column":2},"end":{"line":300,"column":61}}},"fnMap":{"0":{"name":"(anonymous_0)","decl":{"start":{"line":4,"column":27},"end":{"line":4,"column":28}},"loc":{"start":{"line":4,"column":39},"end":{"line":4,"column":484}},"line":4},"1":{"name":"PowerAssertRecorder","decl":{"start":{"line":4,"column":50},"end":{"line":4,"column":69}},"loc":{"start":{"line":4,"column":72},"end":{"line":4,"column":95}},"line":4},"2":{"name":"_capt","decl":{"start":{"line":4,"column":143},"end":{"line":4,"column":148}},"loc":{"start":{"line":4,"column":164},"end":{"line":4,"column":235}},"line":4},"3":{"name":"_expr","decl":{"start":{"line":4,"column":284},"end":{"line":4,"column":289}},"loc":{"start":{"line":4,"column":305},"end":{"line":4,"column":453}},"line":4},"4":{"name":"(anonymous_4)","decl":{"start":{"line":13,"column":11},"end":{"line":13,"column":12}},"loc":{"start":{"line":13,"column":23},"end":{"line":13,"column":25}},"line":13},"5":{"name":"(anonymous_5)","decl":{"start":{"line":63,"column":16},"end":{"line":63,"column":17}},"loc":{"start":{"line":63,"column":28},"end":{"line":99,"column":1}},"line":63},"6":{"name":"(anonymous_6)","decl":{"start":{"line":79,"column":4},"end":{"line":79,"column":5}},"loc":{"start":{"line":79,"column":13},"end":{"line":81,"column":5}},"line":79},"7":{"name":"(anonymous_7)","decl":{"start":{"line":94,"column":22},"end":{"line":94,"column":23}},"loc":{"start":{"line":94,"column":28},"end":{"line":94,"column":37}},"line":94},"8":{"name":"(anonymous_8)","decl":{"start":{"line":95,"column":23},"end":{"line":95,"column":24}},"loc":{"start":{"line":95,"column":29},"end":{"line":95,"column":39}},"line":95},"9":{"name":"(anonymous_9)","decl":{"start":{"line":101,"column":15},"end":{"line":101,"column":16}},"loc":{"start":{"line":101,"column":21},"end":{"line":103,"column":1}},"line":101},"10":{"name":"(anonymous_10)","decl":{"start":{"line":105,"column":15},"end":{"line":105,"column":16}},"loc":{"start":{"line":105,"column":20},"end":{"line":116,"column":1}},"line":105},"11":{"name":"(anonymous_11)","decl":{"start":{"line":118,"column":28},"end":{"line":118,"column":29}},"loc":{"start":{"line":118,"column":33},"end":{"line":156,"column":1}},"line":118},"12":{"name":"(anonymous_12)","decl":{"start":{"line":158,"column":38},"end":{"line":158,"column":39}},"loc":{"start":{"line":158,"column":49},"end":{"line":194,"column":1}},"line":158},"13":{"name":"(anonymous_13)","decl":{"start":{"line":196,"column":42},"end":{"line":196,"column":43}},"loc":{"start":{"line":196,"column":53},"end":{"line":232,"column":1}},"line":196},"14":{"name":"(anonymous_14)","decl":{"start":{"line":234,"column":29},"end":{"line":234,"column":30}},"loc":{"start":{"line":234,"column":40},"end":{"line":301,"column":1}},"line":234}},"branchMap":{"0":{"loc":{"start":{"line":102,"column":2},"end":{"line":102,"column":30}},"type":"binary-expr","locations":[{"start":{"line":102,"column":2},"end":{"line":102,"column":9}},{"start":{"line":102,"column":13},"end":{"line":102,"column":30}}],"line":102}},"s":{"0":1,"1":1,"2":17,"3":1,"4":56,"5":56,"6":1,"7":17,"8":17,"9":17,"10":1,"11":1,"12":1,"13":1,"14":1,"15":1,"16":1,"17":1,"18":1,"19":1,"20":1,"21":1,"22":1,"23":1,"24":1,"25":1,"26":1,"27":1,"28":5,"29":5,"30":5,"31":5,"32":5,"33":5,"34":5,"35":1,"36":5,"37":5,"38":5,"39":5,"40":5,"41":5,"42":5,"43":5,"44":5,"45":5,"46":1,"47":5,"48":1,"49":1,"50":1,"51":1,"52":1,"53":1,"54":1,"55":1,"56":1,"57":1,"58":1,"59":1,"60":1,"61":1,"62":1,"63":1,"64":1,"65":1,"66":1,"67":1,"68":1,"69":1,"70":1,"71":1,"72":1,"73":1,"74":1,"75":1,"76":1,"77":1,"78":1,"79":1,"80":1,"81":1,"82":1,"83":1,"84":1,"85":1,"86":1,"87":1,"88":1,"89":1,"90":1,"91":1,"92":1},"f":{"0":1,"1":17,"2":56,"3":17,"4":5,"5":5,"6":1,"7":5,"8":5,"9":5,"10":1,"11":1,"12":1,"13":1,"14":1},"b":{"0":[5,5]},"_coverageSchema":"43e27e138ebf9cfc5966b082cf9a028302ed4184","hash":"0c479097d17c21f6ddfb62dc94a04c0aba6e6be7","contentHash":"fd458d6d5948d64ee13731b664ee12c2"},"/home/yobertyalej/code/exodus/iot/db/tests/fixtures/agent.js":{"path":"/home/yobertyalej/code/exodus/iot/db/tests/fixtures/agent.js","statementMap":{"0":{"start":{"line":3,"column":14},"end":{"line":3,"column":36}},"1":{"start":{"line":5,"column":15},"end":{"line":5,"column":27}},"2":{"start":{"line":7,"column":14},"end":{"line":17,"column":1}},"3":{"start":{"line":19,"column":15},"end":{"line":24,"column":1}},"4":{"start":{"line":26,"column":0},"end":{"line":34,"column":1}},"5":{"start":{"line":29,"column":32},"end":{"line":29,"column":43}},"6":{"start":{"line":30,"column":29},"end":{"line":30,"column":52}},"7":{"start":{"line":31,"column":18},"end":{"line":31,"column":61}},"8":{"start":{"line":31,"column":37},"end":{"line":31,"column":52}},"9":{"start":{"line":32,"column":14},"end":{"line":32,"column":53}},"10":{"start":{"line":32,"column":33},"end":{"line":32,"column":44}}},"fnMap":{"0":{"name":"(anonymous_0)","decl":{"start":{"line":29,"column":27},"end":{"line":29,"column":28}},"loc":{"start":{"line":29,"column":32},"end":{"line":29,"column":43}},"line":29},"1":{"name":"(anonymous_1)","decl":{"start":{"line":30,"column":24},"end":{"line":30,"column":25}},"loc":{"start":{"line":30,"column":29},"end":{"line":30,"column":52}},"line":30},"2":{"name":"(anonymous_2)","decl":{"start":{"line":31,"column":10},"end":{"line":31,"column":11}},"loc":{"start":{"line":31,"column":18},"end":{"line":31,"column":61}},"line":31},"3":{"name":"(anonymous_3)","decl":{"start":{"line":31,"column":32},"end":{"line":31,"column":33}},"loc":{"start":{"line":31,"column":37},"end":{"line":31,"column":52}},"line":31},"4":{"name":"(anonymous_4)","decl":{"start":{"line":32,"column":8},"end":{"line":32,"column":9}},"loc":{"start":{"line":32,"column":14},"end":{"line":32,"column":53}},"line":32},"5":{"name":"(anonymous_5)","decl":{"start":{"line":32,"column":28},"end":{"line":32,"column":29}},"loc":{"start":{"line":32,"column":33},"end":{"line":32,"column":44}},"line":32}},"branchMap":{},"s":{"0":1,"1":1,"2":1,"3":1,"4":1,"5":4,"6":4,"7":5,"8":20,"9":2,"10":8},"f":{"0":4,"1":4,"2":5,"3":20,"4":2,"5":8},"b":{},"_coverageSchema":"43e27e138ebf9cfc5966b082cf9a028302ed4184","hash":"674b7925e192c6d0d2a4df54cc02df7c140cecb5","contentHash":"7aa07aee9bd0fd889500b0e392d8d665"},"/home/yobertyalej/code/exodus/iot/db/utils/index.js":{"path":"/home/yobertyalej/code/exodus/iot/db/utils/index.js","statementMap":{"0":{"start":{"line":3,"column":14},"end":{"line":3,"column":30}},"1":{"start":{"line":6,"column":16},"end":{"line":6,"column":38}},"2":{"start":{"line":7,"column":2},"end":{"line":7,"column":37}},"3":{"start":{"line":11,"column":2},"end":{"line":22,"column":3}},"4":{"start":{"line":12,"column":16},"end":{"line":12,"column":27}},"5":{"start":{"line":13,"column":16},"end":{"line":13,"column":27}},"6":{"start":{"line":15,"column":4},"end":{"line":21,"column":5}},"7":{"start":{"line":16,"column":6},"end":{"line":16,"column":15}},"8":{"start":{"line":17,"column":11},"end":{"line":21,"column":5}},"9":{"start":{"line":18,"column":6},"end":{"line":18,"column":14}},"10":{"start":{"line":20,"column":6},"end":{"line":20,"column":14}},"11":{"start":{"line":26,"column":2},"end":{"line":26,"column":67}},"12":{"start":{"line":27,"column":2},"end":{"line":27,"column":69}},"13":{"start":{"line":28,"column":2},"end":{"line":28,"column":17}},"14":{"start":{"line":31,"column":0},"end":{"line":35,"column":1}}},"fnMap":{"0":{"name":"extend","decl":{"start":{"line":5,"column":9},"end":{"line":5,"column":15}},"loc":{"start":{"line":5,"column":30},"end":{"line":8,"column":1}},"line":5},"1":{"name":"sortBy","decl":{"start":{"line":10,"column":9},"end":{"line":10,"column":15}},"loc":{"start":{"line":10,"column":27},"end":{"line":23,"column":1}},"line":10},"2":{"name":"(anonymous_2)","decl":{"start":{"line":11,"column":9},"end":{"line":11,"column":10}},"loc":{"start":{"line":11,"column":19},"end":{"line":22,"column":3}},"line":11},"3":{"name":"handleFatalError","decl":{"start":{"line":25,"column":9},"end":{"line":25,"column":25}},"loc":{"start":{"line":25,"column":32},"end":{"line":29,"column":1}},"line":25}},"branchMap":{"0":{"loc":{"start":{"line":15,"column":4},"end":{"line":21,"column":5}},"type":"if","locations":[{"start":{"line":15,"column":4},"end":{"line":21,"column":5}},{"start":{"line":15,"column":4},"end":{"line":21,"column":5}}],"line":15},"1":{"loc":{"start":{"line":17,"column":11},"end":{"line":21,"column":5}},"type":"if","locations":[{"start":{"line":17,"column":11},"end":{"line":21,"column":5}},{"start":{"line":17,"column":11},"end":{"line":21,"column":5}}],"line":17}},"s":{"0":1,"1":7,"2":7,"3":6,"4":0,"5":0,"6":0,"7":0,"8":0,"9":0,"10":0,"11":0,"12":0,"13":0,"14":1},"f":{"0":7,"1":6,"2":0,"3":0},"b":{"0":[0,0],"1":[0,0]},"_coverageSchema":"43e27e138ebf9cfc5966b082cf9a028302ed4184","hash":"df36528bc0717f417671330769f4f641c2935a56","contentHash":"79b1d3d3ec90c611aab8ee9c45082d25"},"/home/yobertyalej/code/exodus/iot/db/tests/fixtures/metric.js":{"path":"/home/yobertyalej/code/exodus/iot/db/tests/fixtures/metric.js","statementMap":{"0":{"start":{"line":3,"column":22},"end":{"line":3,"column":40}},"1":{"start":{"line":4,"column":14},"end":{"line":4,"column":36}},"2":{"start":{"line":6,"column":15},"end":{"line":6,"column":27}},"3":{"start":{"line":8,"column":15},"end":{"line":15,"column":1}},"4":{"start":{"line":17,"column":16},"end":{"line":23,"column":1}},"5":{"start":{"line":26,"column":2},"end":{"line":32,"column":4}},"6":{"start":{"line":26,"column":29},"end":{"line":26,"column":68}},"7":{"start":{"line":27,"column":18},"end":{"line":27,"column":38}},"8":{"start":{"line":29,"column":4},"end":{"line":29,"column":22}},"9":{"start":{"line":31,"column":4},"end":{"line":31,"column":16}},"10":{"start":{"line":36,"column":2},"end":{"line":43,"column":46}},"11":{"start":{"line":36,"column":29},"end":{"line":36,"column":89}},"12":{"start":{"line":37,"column":18},"end":{"line":37,"column":38}},"13":{"start":{"line":39,"column":4},"end":{"line":39,"column":24}},"14":{"start":{"line":40,"column":4},"end":{"line":40,"column":22}},"15":{"start":{"line":42,"column":4},"end":{"line":42,"column":16}},"16":{"start":{"line":46,"column":0},"end":{"line":54,"column":1}},"17":{"start":{"line":49,"column":33},"end":{"line":49,"column":44}},"18":{"start":{"line":50,"column":31},"end":{"line":50,"column":44}},"19":{"start":{"line":51,"column":30},"end":{"line":51,"column":49}}},"fnMap":{"0":{"name":"findByAgentUuid","decl":{"start":{"line":25,"column":9},"end":{"line":25,"column":24}},"loc":{"start":{"line":25,"column":32},"end":{"line":33,"column":1}},"line":25},"1":{"name":"(anonymous_1)","decl":{"start":{"line":26,"column":24},"end":{"line":26,"column":25}},"loc":{"start":{"line":26,"column":29},"end":{"line":26,"column":68}},"line":26},"2":{"name":"(anonymous_2)","decl":{"start":{"line":26,"column":74},"end":{"line":26,"column":75}},"loc":{"start":{"line":26,"column":79},"end":{"line":32,"column":3}},"line":26},"3":{"name":"findByTypeAgentUuid","decl":{"start":{"line":35,"column":9},"end":{"line":35,"column":28}},"loc":{"start":{"line":35,"column":42},"end":{"line":44,"column":1}},"line":35},"4":{"name":"(anonymous_4)","decl":{"start":{"line":36,"column":24},"end":{"line":36,"column":25}},"loc":{"start":{"line":36,"column":29},"end":{"line":36,"column":89}},"line":36},"5":{"name":"(anonymous_5)","decl":{"start":{"line":36,"column":95},"end":{"line":36,"column":96}},"loc":{"start":{"line":36,"column":100},"end":{"line":43,"column":3}},"line":36},"6":{"name":"(anonymous_6)","decl":{"start":{"line":49,"column":28},"end":{"line":49,"column":29}},"loc":{"start":{"line":49,"column":33},"end":{"line":49,"column":44}},"line":49},"7":{"name":"(anonymous_7)","decl":{"start":{"line":50,"column":26},"end":{"line":50,"column":27}},"loc":{"start":{"line":50,"column":31},"end":{"line":50,"column":44}},"line":50},"8":{"name":"(anonymous_8)","decl":{"start":{"line":51,"column":25},"end":{"line":51,"column":26}},"loc":{"start":{"line":51,"column":30},"end":{"line":51,"column":49}},"line":51}},"branchMap":{"0":{"loc":{"start":{"line":26,"column":29},"end":{"line":26,"column":68}},"type":"cond-expr","locations":[{"start":{"line":26,"column":39},"end":{"line":26,"column":60}},{"start":{"line":26,"column":63},"end":{"line":26,"column":68}}],"line":26},"1":{"loc":{"start":{"line":36,"column":29},"end":{"line":36,"column":89}},"type":"binary-expr","locations":[{"start":{"line":36,"column":29},"end":{"line":36,"column":44}},{"start":{"line":36,"column":49},"end":{"line":36,"column":88}}],"line":36},"2":{"loc":{"start":{"line":36,"column":49},"end":{"line":36,"column":88}},"type":"cond-expr","locations":[{"start":{"line":36,"column":59},"end":{"line":36,"column":80}},{"start":{"line":36,"column":83},"end":{"line":36,"column":88}}],"line":36}},"s":{"0":1,"1":1,"2":1,"3":1,"4":1,"5":6,"6":30,"7":24,"8":24,"9":24,"10":6,"11":30,"12":6,"13":6,"14":6,"15":6,"16":1,"17":5,"18":5,"19":5},"f":{"0":6,"1":30,"2":24,"3":6,"4":30,"5":6,"6":5,"7":5,"8":5},"b":{"0":[30,0],"1":[30,6],"2":[6,0]},"_coverageSchema":"43e27e138ebf9cfc5966b082cf9a028302ed4184","hash":"d0c46efe764c0b915a910c92d4f7adf22eef5be6","contentHash":"632ef69ea3ef77d76fa1c71333ffcac9"},"/home/yobertyalej/code/exodus/iot/db/index.js":{"path":"/home/yobertyalej/code/exodus/iot/db/index.js","statementMap":{"0":{"start":{"line":3,"column":22},"end":{"line":3,"column":41}},"1":{"start":{"line":4,"column":24},"end":{"line":4,"column":49}},"2":{"start":{"line":5,"column":25},"end":{"line":5,"column":51}},"3":{"start":{"line":6,"column":21},"end":{"line":6,"column":50}},"4":{"start":{"line":7,"column":22},"end":{"line":7,"column":52}},"5":{"start":{"line":8,"column":17},"end":{"line":8,"column":36}},"6":{"start":{"line":10,"column":0},"end":{"line":43,"column":1}},"7":{"start":{"line":11,"column":2},"end":{"line":22,"column":4}},"8":{"start":{"line":23,"column":20},"end":{"line":23,"column":41}},"9":{"start":{"line":24,"column":21},"end":{"line":24,"column":44}},"10":{"start":{"line":25,"column":22},"end":{"line":25,"column":46}},"11":{"start":{"line":27,"column":2},"end":{"line":27,"column":33}},"12":{"start":{"line":28,"column":2},"end":{"line":28,"column":35}},"13":{"start":{"line":30,"column":2},"end":{"line":30,"column":32}},"14":{"start":{"line":32,"column":2},"end":{"line":34,"column":3}},"15":{"start":{"line":33,"column":4},"end":{"line":33,"column":41}},"16":{"start":{"line":36,"column":16},"end":{"line":36,"column":50}},"17":{"start":{"line":37,"column":17},"end":{"line":37,"column":65}},"18":{"start":{"line":39,"column":2},"end":{"line":42,"column":3}}},"fnMap":{"0":{"name":"(anonymous_0)","decl":{"start":{"line":10,"column":17},"end":{"line":10,"column":18}},"loc":{"start":{"line":10,"column":41},"end":{"line":43,"column":1}},"line":10}},"branchMap":{"0":{"loc":{"start":{"line":32,"column":2},"end":{"line":34,"column":3}},"type":"if","locations":[{"start":{"line":32,"column":2},"end":{"line":34,"column":3}},{"start":{"line":32,"column":2},"end":{"line":34,"column":3}}],"line":32}},"s":{"0":5,"1":5,"2":5,"3":5,"4":5,"5":5,"6":5,"7":5,"8":5,"9":5,"10":5,"11":5,"12":5,"13":5,"14":5,"15":0,"16":5,"17":5,"18":5},"f":{"0":5},"b":{"0":[0,5]},"_coverageSchema":"43e27e138ebf9cfc5966b082cf9a028302ed4184","hash":"d2495eb7cd8ce8c2ad9b245d182b873da8f765d9","contentHash":"45a11d60752b2806cabc3da4c67189c2"},"/home/yobertyalej/code/exodus/iot/db/lib/db.js":{"path":"/home/yobertyalej/code/exodus/iot/db/lib/db.js","statementMap":{"0":{"start":{"line":3,"column":18},"end":{"line":3,"column":38}},"1":{"start":{"line":4,"column":16},"end":{"line":4,"column":20}},"2":{"start":{"line":6,"column":0},"end":{"line":11,"column":1}},"3":{"start":{"line":7,"column":2},"end":{"line":9,"column":3}},"4":{"start":{"line":8,"column":4},"end":{"line":8,"column":37}},"5":{"start":{"line":10,"column":2},"end":{"line":10,"column":18}}},"fnMap":{"0":{"name":"setupDatabase","decl":{"start":{"line":6,"column":26},"end":{"line":6,"column":39}},"loc":{"start":{"line":6,"column":49},"end":{"line":11,"column":1}},"line":6}},"branchMap":{"0":{"loc":{"start":{"line":7,"column":2},"end":{"line":9,"column":3}},"type":"if","locations":[{"start":{"line":7,"column":2},"end":{"line":9,"column":3}},{"start":{"line":7,"column":2},"end":{"line":9,"column":3}}],"line":7}},"s":{"0":1,"1":1,"2":1,"3":5,"4":1,"5":5},"f":{"0":5},"b":{"0":[1,4]},"_coverageSchema":"43e27e138ebf9cfc5966b082cf9a028302ed4184","hash":"6deab699fdc6f8a8a552a01a5a46059273e5cc03","contentHash":"ab7189d5cafdeb13f798bd58e4cbd52a"},"/home/yobertyalej/code/exodus/iot/db/models/agent.js":{"path":"/home/yobertyalej/code/exodus/iot/db/models/agent.js","statementMap":{"0":{"start":{"line":3,"column":18},"end":{"line":3,"column":38}},"1":{"start":{"line":4,"column":22},"end":{"line":4,"column":42}},"2":{"start":{"line":6,"column":0},"end":{"line":36,"column":1}},"3":{"start":{"line":7,"column":20},"end":{"line":7,"column":41}},"4":{"start":{"line":9,"column":2},"end":{"line":35,"column":4}}},"fnMap":{"0":{"name":"setupAgentModel","decl":{"start":{"line":6,"column":26},"end":{"line":6,"column":41}},"loc":{"start":{"line":6,"column":51},"end":{"line":36,"column":1}},"line":6}},"branchMap":{},"s":{"0":1,"1":1,"2":1,"3":0,"4":0},"f":{"0":0},"b":{},"_coverageSchema":"43e27e138ebf9cfc5966b082cf9a028302ed4184","hash":"b159f8886d0c5ad95c154004da67835290073d52","contentHash":"6adc3706abbd59ab9784d72c2415a59d"},"/home/yobertyalej/code/exodus/iot/db/models/metric.js":{"path":"/home/yobertyalej/code/exodus/iot/db/models/metric.js","statementMap":{"0":{"start":{"line":3,"column":18},"end":{"line":3,"column":38}},"1":{"start":{"line":4,"column":22},"end":{"line":4,"column":42}},"2":{"start":{"line":6,"column":0},"end":{"line":19,"column":1}},"3":{"start":{"line":7,"column":20},"end":{"line":7,"column":41}},"4":{"start":{"line":9,"column":2},"end":{"line":18,"column":4}}},"fnMap":{"0":{"name":"setupMetricModel","decl":{"start":{"line":6,"column":26},"end":{"line":6,"column":42}},"loc":{"start":{"line":6,"column":52},"end":{"line":19,"column":1}},"line":6}},"branchMap":{},"s":{"0":1,"1":1,"2":1,"3":0,"4":0},"f":{"0":0},"b":{},"_coverageSchema":"43e27e138ebf9cfc5966b082cf9a028302ed4184","hash":"59048282edec56306e6017d5571552800d01a97b","contentHash":"825f816aaa602cce9f7303a10766069d"},"/home/yobertyalej/code/exodus/iot/db/lib/AgentService.js":{"path":"/home/yobertyalej/code/exodus/iot/db/lib/AgentService.js","statementMap":{"0":{"start":{"line":3,"column":20},"end":{"line":3,"column":44}},"1":{"start":{"line":7,"column":4},"end":{"line":7,"column":21}},"2":{"start":{"line":8,"column":4},"end":{"line":8,"column":32}},"3":{"start":{"line":12,"column":0},"end":{"line":12,"column":29}}},"fnMap":{"0":{"name":"(anonymous_0)","decl":{"start":{"line":6,"column":2},"end":{"line":6,"column":3}},"loc":{"start":{"line":6,"column":27},"end":{"line":9,"column":3}},"line":6}},"branchMap":{},"s":{"0":1,"1":5,"2":5,"3":1},"f":{"0":5},"b":{},"_coverageSchema":"43e27e138ebf9cfc5966b082cf9a028302ed4184","hash":"d648516952b332b70f7299ba50ddda690ab0c928","contentHash":"dab9e05b76ccea391e5346c69c8f98e7"},"/home/yobertyalej/code/exodus/iot/db/lib/BaseService.js":{"path":"/home/yobertyalej/code/exodus/iot/db/lib/BaseService.js","statementMap":{"0":{"start":{"line":5,"column":4},"end":{"line":5,"column":22}},"1":{"start":{"line":9,"column":4},"end":{"line":9,"column":34}},"2":{"start":{"line":13,"column":4},"end":{"line":17,"column":6}},"3":{"start":{"line":21,"column":4},"end":{"line":21,"column":31}},"4":{"start":{"line":25,"column":17},"end":{"line":29,"column":5}},"5":{"start":{"line":31,"column":26},"end":{"line":31,"column":56}},"6":{"start":{"line":33,"column":4},"end":{"line":36,"column":5}},"7":{"start":{"line":34,"column":22},"end":{"line":34,"column":61}},"8":{"start":{"line":35,"column":6},"end":{"line":35,"column":63}},"9":{"start":{"line":38,"column":19},"end":{"line":38,"column":52}},"10":{"start":{"line":39,"column":4},"end":{"line":39,"column":26}},"11":{"start":{"line":43,"column":4},"end":{"line":47,"column":6}},"12":{"start":{"line":51,"column":4},"end":{"line":56,"column":6}},"13":{"start":{"line":60,"column":4},"end":{"line":65,"column":6}},"14":{"start":{"line":69,"column":0},"end":{"line":69,"column":29}}},"fnMap":{"0":{"name":"(anonymous_0)","decl":{"start":{"line":4,"column":2},"end":{"line":4,"column":3}},"loc":{"start":{"line":4,"column":22},"end":{"line":6,"column":3}},"line":4},"1":{"name":"(anonymous_1)","decl":{"start":{"line":8,"column":2},"end":{"line":8,"column":3}},"loc":{"start":{"line":8,"column":12},"end":{"line":10,"column":3}},"line":8},"2":{"name":"(anonymous_2)","decl":{"start":{"line":12,"column":2},"end":{"line":12,"column":3}},"loc":{"start":{"line":12,"column":16},"end":{"line":18,"column":3}},"line":12},"3":{"name":"(anonymous_3)","decl":{"start":{"line":20,"column":2},"end":{"line":20,"column":3}},"loc":{"start":{"line":20,"column":15},"end":{"line":22,"column":3}},"line":20},"4":{"name":"(anonymous_4)","decl":{"start":{"line":24,"column":2},"end":{"line":24,"column":3}},"loc":{"start":{"line":24,"column":34},"end":{"line":40,"column":3}},"line":24},"5":{"name":"(anonymous_5)","decl":{"start":{"line":42,"column":2},"end":{"line":42,"column":3}},"loc":{"start":{"line":42,"column":15},"end":{"line":48,"column":3}},"line":42},"6":{"name":"(anonymous_6)","decl":{"start":{"line":50,"column":2},"end":{"line":50,"column":3}},"loc":{"start":{"line":50,"column":24},"end":{"line":57,"column":3}},"line":50},"7":{"name":"(anonymous_7)","decl":{"start":{"line":59,"column":2},"end":{"line":59,"column":3}},"loc":{"start":{"line":59,"column":23},"end":{"line":66,"column":3}},"line":59}},"branchMap":{"0":{"loc":{"start":{"line":33,"column":4},"end":{"line":36,"column":5}},"type":"if","locations":[{"start":{"line":33,"column":4},"end":{"line":36,"column":5}},{"start":{"line":33,"column":4},"end":{"line":36,"column":5}}],"line":33},"1":{"loc":{"start":{"line":35,"column":13},"end":{"line":35,"column":63}},"type":"cond-expr","locations":[{"start":{"line":35,"column":23},"end":{"line":35,"column":47}},{"start":{"line":35,"column":50},"end":{"line":35,"column":63}}],"line":35}},"s":{"0":5,"1":0,"2":0,"3":0,"4":0,"5":0,"6":0,"7":0,"8":0,"9":0,"10":0,"11":0,"12":0,"13":0,"14":1},"f":{"0":5,"1":0,"2":0,"3":0,"4":0,"5":0,"6":0,"7":0},"b":{"0":[0,0],"1":[0,0]},"_coverageSchema":"43e27e138ebf9cfc5966b082cf9a028302ed4184","hash":"e1149a64fef768ecc0ae1ba5c48dadf2de96b1e4","contentHash":"0ea99cd4cf11439c09cb04b44914e6c0"},"/home/yobertyalej/code/exodus/iot/db/lib/MetricService.js":{"path":"/home/yobertyalej/code/exodus/iot/db/lib/MetricService.js","statementMap":{"0":{"start":{"line":5,"column":4},"end":{"line":5,"column":34}},"1":{"start":{"line":6,"column":4},"end":{"line":6,"column":32}},"2":{"start":{"line":10,"column":4},"end":{"line":19,"column":6}},"3":{"start":{"line":23,"column":4},"end":{"line":34,"column":6}},"4":{"start":{"line":37,"column":18},"end":{"line":39,"column":6}},"5":{"start":{"line":41,"column":4},"end":{"line":45,"column":5}},"6":{"start":{"line":42,"column":6},"end":{"line":42,"column":50}},"7":{"start":{"line":43,"column":19},"end":{"line":43,"column":56}},"8":{"start":{"line":44,"column":6},"end":{"line":44,"column":28}},"9":{"start":{"line":49,"column":0},"end":{"line":49,"column":30}}},"fnMap":{"0":{"name":"(anonymous_0)","decl":{"start":{"line":4,"column":2},"end":{"line":4,"column":3}},"loc":{"start":{"line":4,"column":40},"end":{"line":7,"column":3}},"line":4},"1":{"name":"(anonymous_1)","decl":{"start":{"line":9,"column":2},"end":{"line":9,"column":3}},"loc":{"start":{"line":9,"column":31},"end":{"line":20,"column":3}},"line":9},"2":{"name":"(anonymous_2)","decl":{"start":{"line":22,"column":2},"end":{"line":22,"column":3}},"loc":{"start":{"line":22,"column":41},"end":{"line":35,"column":3}},"line":22},"3":{"name":"(anonymous_3)","decl":{"start":{"line":36,"column":2},"end":{"line":36,"column":3}},"loc":{"start":{"line":36,"column":30},"end":{"line":46,"column":3}},"line":36}},"branchMap":{"0":{"loc":{"start":{"line":41,"column":4},"end":{"line":45,"column":5}},"type":"if","locations":[{"start":{"line":41,"column":4},"end":{"line":45,"column":5}},{"start":{"line":41,"column":4},"end":{"line":45,"column":5}}],"line":41}},"s":{"0":5,"1":5,"2":1,"3":1,"4":1,"5":1,"6":1,"7":1,"8":1,"9":1},"f":{"0":5,"1":1,"2":1,"3":1},"b":{"0":[1,0]},"_coverageSchema":"43e27e138ebf9cfc5966b082cf9a028302ed4184","hash":"dafb458a03ed05fb65f00e897298a98099a6e887","contentHash":"37e6151983927367667819a06e1abb10"}}