{"/home/yobertyalej/code/exodus/iot/db/tests/agent-tests.js":{"path":"/home/yobertyalej/code/exodus/iot/db/tests/agent-tests.js","statementMap":{"0":{"start":{"line":3,"column":30},"end":{"line":3,"column":5630}},"1":{"start":{"line":4,"column":27},"end":{"line":4,"column":486}},"2":{"start":{"line":4,"column":74},"end":{"line":4,"column":93}},"3":{"start":{"line":4,"column":96},"end":{"line":4,"column":236}},"4":{"start":{"line":4,"column":166},"end":{"line":4,"column":219}},"5":{"start":{"line":4,"column":220},"end":{"line":4,"column":233}},"6":{"start":{"line":4,"column":237},"end":{"line":4,"column":454}},"7":{"start":{"line":4,"column":328},"end":{"line":4,"column":341}},"8":{"start":{"line":4,"column":343},"end":{"line":4,"column":362}},"9":{"start":{"line":4,"column":363},"end":{"line":4,"column":451}},"10":{"start":{"line":4,"column":455},"end":{"line":4,"column":482}},"11":{"start":{"line":6,"column":13},"end":{"line":6,"column":27}},"12":{"start":{"line":7,"column":14},"end":{"line":7,"column":30}},"13":{"start":{"line":8,"column":19},"end":{"line":8,"column":40}},"14":{"start":{"line":9,"column":22},"end":{"line":9,"column":49}},"15":{"start":{"line":11,"column":13},"end":{"line":13,"column":1}},"16":{"start":{"line":15,"column":17},"end":{"line":17,"column":1}},"17":{"start":{"line":19,"column":9},"end":{"line":19,"column":13}},"18":{"start":{"line":20,"column":13},"end":{"line":20,"column":52}},"19":{"start":{"line":21,"column":13},"end":{"line":21,"column":52}},"20":{"start":{"line":22,"column":9},"end":{"line":22,"column":10}},"21":{"start":{"line":23,"column":11},"end":{"line":23,"column":22}},"22":{"start":{"line":24,"column":16},"end":{"line":24,"column":20}},"23":{"start":{"line":25,"column":14},"end":{"line":25,"column":18}},"24":{"start":{"line":27,"column":15},"end":{"line":31,"column":1}},"25":{"start":{"line":33,"column":20},"end":{"line":37,"column":1}},"26":{"start":{"line":39,"column":19},"end":{"line":44,"column":1}},"27":{"start":{"line":46,"column":15},"end":{"line":55,"column":1}},"28":{"start":{"line":55,"column":2},"end":{"line":92,"column":3}},"29":{"start":{"line":56,"column":2},"end":{"line":56,"column":34}},"30":{"start":{"line":58,"column":2},"end":{"line":62,"column":4}},"31":{"start":{"line":62,"column":4},"end":{"line":62,"column":39}},"32":{"start":{"line":63,"column":2},"end":{"line":63,"column":92}},"33":{"start":{"line":66,"column":2},"end":{"line":66,"column":38}},"34":{"start":{"line":67,"column":2},"end":{"line":67,"column":83}},"35":{"start":{"line":70,"column":2},"end":{"line":70,"column":37}},"36":{"start":{"line":71,"column":2},"end":{"line":71,"column":75}},"37":{"start":{"line":72,"column":2},"end":{"line":72,"column":94}},"38":{"start":{"line":73,"column":2},"end":{"line":73,"column":90}},"39":{"start":{"line":76,"column":2},"end":{"line":76,"column":36}},"40":{"start":{"line":77,"column":2},"end":{"line":81,"column":6}},"41":{"start":{"line":79,"column":6},"end":{"line":79,"column":22}},"42":{"start":{"line":84,"column":2},"end":{"line":84,"column":36}},"43":{"start":{"line":85,"column":2},"end":{"line":85,"column":79}},"44":{"start":{"line":87,"column":24},"end":{"line":90,"column":4}},"45":{"start":{"line":88,"column":28},"end":{"line":88,"column":37}},"46":{"start":{"line":89,"column":29},"end":{"line":89,"column":39}},"47":{"start":{"line":91,"column":2},"end":{"line":91,"column":35}},"48":{"start":{"line":95,"column":0},"end":{"line":97,"column":3}},"49":{"start":{"line":96,"column":2},"end":{"line":96,"column":31}},"50":{"start":{"line":100,"column":0},"end":{"line":111,"column":3}},"51":{"start":{"line":101,"column":13},"end":{"line":101,"column":39}},"52":{"start":{"line":103,"column":2},"end":{"line":110,"column":36}},"53":{"start":{"line":113,"column":0},"end":{"line":151,"column":3}},"54":{"start":{"line":114,"column":14},"end":{"line":114,"column":40}},"55":{"start":{"line":115,"column":14},"end":{"line":115,"column":40}},"56":{"start":{"line":116,"column":14},"end":{"line":116,"column":40}},"57":{"start":{"line":117,"column":14},"end":{"line":117,"column":40}},"58":{"start":{"line":119,"column":2},"end":{"line":126,"column":41}},"59":{"start":{"line":127,"column":2},"end":{"line":134,"column":44}},"60":{"start":{"line":135,"column":2},"end":{"line":142,"column":42}},"61":{"start":{"line":143,"column":2},"end":{"line":150,"column":43}},"62":{"start":{"line":153,"column":0},"end":{"line":189,"column":3}},"63":{"start":{"line":154,"column":14},"end":{"line":154,"column":40}},"64":{"start":{"line":155,"column":14},"end":{"line":155,"column":40}},"65":{"start":{"line":156,"column":14},"end":{"line":156,"column":40}},"66":{"start":{"line":158,"column":14},"end":{"line":158,"column":37}},"67":{"start":{"line":160,"column":2},"end":{"line":168,"column":35}},"68":{"start":{"line":169,"column":2},"end":{"line":177,"column":40}},"69":{"start":{"line":178,"column":2},"end":{"line":186,"column":68}},"70":{"start":{"line":188,"column":2},"end":{"line":188,"column":67}},"71":{"start":{"line":191,"column":0},"end":{"line":227,"column":3}},"72":{"start":{"line":192,"column":14},"end":{"line":192,"column":40}},"73":{"start":{"line":193,"column":15},"end":{"line":193,"column":41}},"74":{"start":{"line":194,"column":15},"end":{"line":194,"column":41}},"75":{"start":{"line":196,"column":14},"end":{"line":196,"column":41}},"76":{"start":{"line":198,"column":2},"end":{"line":206,"column":34}},"77":{"start":{"line":207,"column":2},"end":{"line":215,"column":39}},"78":{"start":{"line":216,"column":2},"end":{"line":224,"column":67}},"79":{"start":{"line":226,"column":2},"end":{"line":226,"column":71}},"80":{"start":{"line":229,"column":0},"end":{"line":266,"column":3}},"81":{"start":{"line":230,"column":15},"end":{"line":230,"column":41}},"82":{"start":{"line":231,"column":15},"end":{"line":231,"column":41}},"83":{"start":{"line":232,"column":15},"end":{"line":232,"column":41}},"84":{"start":{"line":234,"column":15},"end":{"line":234,"column":57}},"85":{"start":{"line":236,"column":2},"end":{"line":244,"column":43}},"86":{"start":{"line":245,"column":2},"end":{"line":253,"column":39}},"87":{"start":{"line":254,"column":2},"end":{"line":262,"column":67}},"88":{"start":{"line":264,"column":2},"end":{"line":264,"column":88}},"89":{"start":{"line":265,"column":2},"end":{"line":265,"column":72}},"90":{"start":{"line":268,"column":0},"end":{"line":305,"column":3}},"91":{"start":{"line":269,"column":15},"end":{"line":269,"column":41}},"92":{"start":{"line":270,"column":15},"end":{"line":270,"column":41}},"93":{"start":{"line":271,"column":15},"end":{"line":271,"column":41}},"94":{"start":{"line":273,"column":15},"end":{"line":273,"column":41}},"95":{"start":{"line":275,"column":2},"end":{"line":283,"column":43}},"96":{"start":{"line":284,"column":2},"end":{"line":292,"column":39}},"97":{"start":{"line":293,"column":2},"end":{"line":301,"column":67}},"98":{"start":{"line":303,"column":2},"end":{"line":303,"column":91}},"99":{"start":{"line":304,"column":2},"end":{"line":304,"column":75}},"100":{"start":{"line":307,"column":0},"end":{"line":343,"column":3}},"101":{"start":{"line":308,"column":15},"end":{"line":308,"column":41}},"102":{"start":{"line":309,"column":15},"end":{"line":309,"column":41}},"103":{"start":{"line":310,"column":15},"end":{"line":310,"column":41}},"104":{"start":{"line":312,"column":14},"end":{"line":312,"column":51}},"105":{"start":{"line":314,"column":2},"end":{"line":322,"column":43}},"106":{"start":{"line":323,"column":2},"end":{"line":331,"column":40}},"107":{"start":{"line":332,"column":2},"end":{"line":340,"column":38}},"108":{"start":{"line":342,"column":2},"end":{"line":342,"column":57}},"109":{"start":{"line":345,"column":0},"end":{"line":413,"column":3}},"110":{"start":{"line":346,"column":15},"end":{"line":346,"column":41}},"111":{"start":{"line":347,"column":15},"end":{"line":347,"column":41}},"112":{"start":{"line":348,"column":15},"end":{"line":348,"column":41}},"113":{"start":{"line":349,"column":15},"end":{"line":349,"column":41}},"114":{"start":{"line":350,"column":15},"end":{"line":350,"column":41}},"115":{"start":{"line":351,"column":15},"end":{"line":351,"column":41}},"116":{"start":{"line":353,"column":14},"end":{"line":353,"column":53}},"117":{"start":{"line":355,"column":2},"end":{"line":363,"column":43}},"118":{"start":{"line":364,"column":2},"end":{"line":372,"column":39}},"119":{"start":{"line":373,"column":2},"end":{"line":383,"column":49}},"120":{"start":{"line":384,"column":2},"end":{"line":392,"column":42}},"121":{"start":{"line":393,"column":2},"end":{"line":401,"column":38}},"122":{"start":{"line":402,"column":2},"end":{"line":410,"column":50}},"123":{"start":{"line":412,"column":2},"end":{"line":412,"column":59}}},"fnMap":{"0":{"name":"(anonymous_0)","decl":{"start":{"line":4,"column":27},"end":{"line":4,"column":28}},"loc":{"start":{"line":4,"column":39},"end":{"line":4,"column":484}},"line":4},"1":{"name":"PowerAssertRecorder","decl":{"start":{"line":4,"column":50},"end":{"line":4,"column":69}},"loc":{"start":{"line":4,"column":72},"end":{"line":4,"column":95}},"line":4},"2":{"name":"_capt","decl":{"start":{"line":4,"column":143},"end":{"line":4,"column":148}},"loc":{"start":{"line":4,"column":164},"end":{"line":4,"column":235}},"line":4},"3":{"name":"_expr","decl":{"start":{"line":4,"column":284},"end":{"line":4,"column":289}},"loc":{"start":{"line":4,"column":305},"end":{"line":4,"column":453}},"line":4},"4":{"name":"(anonymous_4)","decl":{"start":{"line":12,"column":11},"end":{"line":12,"column":12}},"loc":{"start":{"line":12,"column":23},"end":{"line":12,"column":25}},"line":12},"5":{"name":"(anonymous_5)","decl":{"start":{"line":55,"column":18},"end":{"line":55,"column":19}},"loc":{"start":{"line":55,"column":30},"end":{"line":92,"column":1}},"line":55},"6":{"name":"(anonymous_6)","decl":{"start":{"line":78,"column":4},"end":{"line":78,"column":5}},"loc":{"start":{"line":78,"column":13},"end":{"line":80,"column":5}},"line":78},"7":{"name":"(anonymous_7)","decl":{"start":{"line":88,"column":22},"end":{"line":88,"column":23}},"loc":{"start":{"line":88,"column":28},"end":{"line":88,"column":37}},"line":88},"8":{"name":"(anonymous_8)","decl":{"start":{"line":89,"column":23},"end":{"line":89,"column":24}},"loc":{"start":{"line":89,"column":29},"end":{"line":89,"column":39}},"line":89},"9":{"name":"(anonymous_9)","decl":{"start":{"line":95,"column":15},"end":{"line":95,"column":16}},"loc":{"start":{"line":95,"column":21},"end":{"line":97,"column":1}},"line":95},"10":{"name":"(anonymous_10)","decl":{"start":{"line":100,"column":14},"end":{"line":100,"column":15}},"loc":{"start":{"line":100,"column":19},"end":{"line":111,"column":1}},"line":100},"11":{"name":"(anonymous_11)","decl":{"start":{"line":113,"column":21},"end":{"line":113,"column":22}},"loc":{"start":{"line":113,"column":26},"end":{"line":151,"column":1}},"line":113},"12":{"name":"(anonymous_12)","decl":{"start":{"line":153,"column":26},"end":{"line":153,"column":27}},"loc":{"start":{"line":153,"column":37},"end":{"line":189,"column":1}},"line":153},"13":{"name":"(anonymous_13)","decl":{"start":{"line":191,"column":28},"end":{"line":191,"column":29}},"loc":{"start":{"line":191,"column":39},"end":{"line":227,"column":1}},"line":191},"14":{"name":"(anonymous_14)","decl":{"start":{"line":229,"column":32},"end":{"line":229,"column":33}},"loc":{"start":{"line":229,"column":43},"end":{"line":266,"column":1}},"line":229},"15":{"name":"(anonymous_15)","decl":{"start":{"line":268,"column":31},"end":{"line":268,"column":32}},"loc":{"start":{"line":268,"column":42},"end":{"line":305,"column":1}},"line":268},"16":{"name":"(anonymous_16)","decl":{"start":{"line":307,"column":45},"end":{"line":307,"column":46}},"loc":{"start":{"line":307,"column":56},"end":{"line":343,"column":1}},"line":307},"17":{"name":"(anonymous_17)","decl":{"start":{"line":345,"column":42},"end":{"line":345,"column":43}},"loc":{"start":{"line":345,"column":53},"end":{"line":413,"column":1}},"line":345}},"branchMap":{"0":{"loc":{"start":{"line":96,"column":2},"end":{"line":96,"column":30}},"type":"binary-expr","locations":[{"start":{"line":96,"column":2},"end":{"line":96,"column":9}},{"start":{"line":96,"column":13},"end":{"line":96,"column":30}}],"line":96}},"s":{"0":1,"1":1,"2":26,"3":1,"4":88,"5":88,"6":1,"7":26,"8":26,"9":26,"10":1,"11":1,"12":1,"13":1,"14":1,"15":1,"16":1,"17":1,"18":1,"19":1,"20":1,"21":1,"22":1,"23":1,"24":1,"25":1,"26":1,"27":1,"28":1,"29":8,"30":8,"31":8,"32":8,"33":8,"34":8,"35":8,"36":8,"37":8,"38":8,"39":8,"40":8,"41":1,"42":8,"43":8,"44":8,"45":8,"46":8,"47":8,"48":1,"49":8,"50":1,"51":1,"52":1,"53":1,"54":1,"55":1,"56":1,"57":1,"58":1,"59":1,"60":1,"61":1,"62":1,"63":1,"64":1,"65":1,"66":1,"67":1,"68":1,"69":1,"70":1,"71":1,"72":1,"73":1,"74":1,"75":1,"76":1,"77":1,"78":1,"79":1,"80":1,"81":1,"82":1,"83":1,"84":1,"85":1,"86":1,"87":1,"88":1,"89":1,"90":1,"91":1,"92":1,"93":1,"94":1,"95":1,"96":1,"97":1,"98":1,"99":1,"100":1,"101":1,"102":1,"103":1,"104":1,"105":1,"106":1,"107":1,"108":1,"109":1,"110":1,"111":1,"112":1,"113":1,"114":1,"115":1,"116":1,"117":1,"118":1,"119":1,"120":1,"121":1,"122":1,"123":1},"f":{"0":1,"1":26,"2":88,"3":26,"4":8,"5":8,"6":1,"7":8,"8":8,"9":8,"10":1,"11":1,"12":1,"13":1,"14":1,"15":1,"16":1,"17":1},"b":{"0":[8,8]},"_coverageSchema":"43e27e138ebf9cfc5966b082cf9a028302ed4184","hash":"68828f2b4c93c8f66c2716b6efda881f55f3d65e","contentHash":"bb112f1b07644e5be9766eead20e3a9e"},"/home/yobertyalej/code/exodus/iot/db/tests/fixtures/agent.js":{"path":"/home/yobertyalej/code/exodus/iot/db/tests/fixtures/agent.js","statementMap":{"0":{"start":{"line":3,"column":14},"end":{"line":3,"column":36}},"1":{"start":{"line":5,"column":15},"end":{"line":5,"column":27}},"2":{"start":{"line":7,"column":14},"end":{"line":17,"column":1}},"3":{"start":{"line":19,"column":15},"end":{"line":24,"column":1}},"4":{"start":{"line":26,"column":0},"end":{"line":34,"column":1}},"5":{"start":{"line":29,"column":32},"end":{"line":29,"column":43}},"6":{"start":{"line":30,"column":29},"end":{"line":30,"column":52}},"7":{"start":{"line":31,"column":18},"end":{"line":31,"column":61}},"8":{"start":{"line":31,"column":37},"end":{"line":31,"column":52}},"9":{"start":{"line":32,"column":14},"end":{"line":32,"column":53}},"10":{"start":{"line":32,"column":33},"end":{"line":32,"column":44}}},"fnMap":{"0":{"name":"(anonymous_0)","decl":{"start":{"line":29,"column":27},"end":{"line":29,"column":28}},"loc":{"start":{"line":29,"column":32},"end":{"line":29,"column":43}},"line":29},"1":{"name":"(anonymous_1)","decl":{"start":{"line":30,"column":24},"end":{"line":30,"column":25}},"loc":{"start":{"line":30,"column":29},"end":{"line":30,"column":52}},"line":30},"2":{"name":"(anonymous_2)","decl":{"start":{"line":31,"column":10},"end":{"line":31,"column":11}},"loc":{"start":{"line":31,"column":18},"end":{"line":31,"column":61}},"line":31},"3":{"name":"(anonymous_3)","decl":{"start":{"line":31,"column":32},"end":{"line":31,"column":33}},"loc":{"start":{"line":31,"column":37},"end":{"line":31,"column":52}},"line":31},"4":{"name":"(anonymous_4)","decl":{"start":{"line":32,"column":8},"end":{"line":32,"column":9}},"loc":{"start":{"line":32,"column":14},"end":{"line":32,"column":53}},"line":32},"5":{"name":"(anonymous_5)","decl":{"start":{"line":32,"column":28},"end":{"line":32,"column":29}},"loc":{"start":{"line":32,"column":33},"end":{"line":32,"column":44}},"line":32}},"branchMap":{},"s":{"0":1,"1":1,"2":1,"3":1,"4":1,"5":4,"6":4,"7":9,"8":36,"9":9,"10":36},"f":{"0":4,"1":4,"2":9,"3":36,"4":9,"5":36},"b":{},"_coverageSchema":"43e27e138ebf9cfc5966b082cf9a028302ed4184","hash":"674b7925e192c6d0d2a4df54cc02df7c140cecb5","contentHash":"7aa07aee9bd0fd889500b0e392d8d665"},"/home/yobertyalej/code/exodus/iot/db/utils/index.js":{"path":"/home/yobertyalej/code/exodus/iot/db/utils/index.js","statementMap":{"0":{"start":{"line":3,"column":14},"end":{"line":3,"column":30}},"1":{"start":{"line":6,"column":16},"end":{"line":6,"column":38}},"2":{"start":{"line":7,"column":2},"end":{"line":7,"column":37}},"3":{"start":{"line":11,"column":2},"end":{"line":22,"column":3}},"4":{"start":{"line":12,"column":16},"end":{"line":12,"column":27}},"5":{"start":{"line":13,"column":16},"end":{"line":13,"column":27}},"6":{"start":{"line":15,"column":4},"end":{"line":21,"column":5}},"7":{"start":{"line":16,"column":6},"end":{"line":16,"column":15}},"8":{"start":{"line":17,"column":11},"end":{"line":21,"column":5}},"9":{"start":{"line":18,"column":6},"end":{"line":18,"column":14}},"10":{"start":{"line":20,"column":6},"end":{"line":20,"column":14}},"11":{"start":{"line":26,"column":2},"end":{"line":26,"column":67}},"12":{"start":{"line":27,"column":2},"end":{"line":27,"column":69}},"13":{"start":{"line":28,"column":2},"end":{"line":28,"column":17}},"14":{"start":{"line":31,"column":0},"end":{"line":35,"column":1}}},"fnMap":{"0":{"name":"extend","decl":{"start":{"line":5,"column":9},"end":{"line":5,"column":15}},"loc":{"start":{"line":5,"column":30},"end":{"line":8,"column":1}},"line":5},"1":{"name":"sortBy","decl":{"start":{"line":10,"column":9},"end":{"line":10,"column":15}},"loc":{"start":{"line":10,"column":27},"end":{"line":23,"column":1}},"line":10},"2":{"name":"(anonymous_2)","decl":{"start":{"line":11,"column":9},"end":{"line":11,"column":10}},"loc":{"start":{"line":11,"column":19},"end":{"line":22,"column":3}},"line":11},"3":{"name":"handleFatalError","decl":{"start":{"line":25,"column":9},"end":{"line":25,"column":25}},"loc":{"start":{"line":25,"column":32},"end":{"line":29,"column":1}},"line":25}},"branchMap":{"0":{"loc":{"start":{"line":15,"column":4},"end":{"line":21,"column":5}},"type":"if","locations":[{"start":{"line":15,"column":4},"end":{"line":21,"column":5}},{"start":{"line":15,"column":4},"end":{"line":21,"column":5}}],"line":15},"1":{"loc":{"start":{"line":17,"column":11},"end":{"line":21,"column":5}},"type":"if","locations":[{"start":{"line":17,"column":11},"end":{"line":21,"column":5}},{"start":{"line":17,"column":11},"end":{"line":21,"column":5}}],"line":17}},"s":{"0":1,"1":3,"2":3,"3":0,"4":0,"5":0,"6":0,"7":0,"8":0,"9":0,"10":0,"11":0,"12":0,"13":0,"14":1},"f":{"0":3,"1":0,"2":0,"3":0},"b":{"0":[0,0],"1":[0,0]},"_coverageSchema":"43e27e138ebf9cfc5966b082cf9a028302ed4184","hash":"df36528bc0717f417671330769f4f641c2935a56","contentHash":"79b1d3d3ec90c611aab8ee9c45082d25"},"/home/yobertyalej/code/exodus/iot/db/index.js":{"path":"/home/yobertyalej/code/exodus/iot/db/index.js","statementMap":{"0":{"start":{"line":3,"column":22},"end":{"line":3,"column":41}},"1":{"start":{"line":4,"column":24},"end":{"line":4,"column":49}},"2":{"start":{"line":5,"column":25},"end":{"line":5,"column":51}},"3":{"start":{"line":6,"column":21},"end":{"line":6,"column":50}},"4":{"start":{"line":7,"column":22},"end":{"line":7,"column":52}},"5":{"start":{"line":8,"column":17},"end":{"line":8,"column":36}},"6":{"start":{"line":10,"column":0},"end":{"line":43,"column":1}},"7":{"start":{"line":11,"column":2},"end":{"line":22,"column":4}},"8":{"start":{"line":23,"column":20},"end":{"line":23,"column":41}},"9":{"start":{"line":24,"column":21},"end":{"line":24,"column":44}},"10":{"start":{"line":25,"column":22},"end":{"line":25,"column":46}},"11":{"start":{"line":27,"column":2},"end":{"line":27,"column":33}},"12":{"start":{"line":28,"column":2},"end":{"line":28,"column":35}},"13":{"start":{"line":30,"column":2},"end":{"line":30,"column":32}},"14":{"start":{"line":32,"column":2},"end":{"line":34,"column":3}},"15":{"start":{"line":33,"column":4},"end":{"line":33,"column":41}},"16":{"start":{"line":36,"column":16},"end":{"line":36,"column":50}},"17":{"start":{"line":37,"column":17},"end":{"line":37,"column":65}},"18":{"start":{"line":39,"column":2},"end":{"line":42,"column":3}}},"fnMap":{"0":{"name":"(anonymous_0)","decl":{"start":{"line":10,"column":17},"end":{"line":10,"column":18}},"loc":{"start":{"line":10,"column":41},"end":{"line":43,"column":1}},"line":10}},"branchMap":{"0":{"loc":{"start":{"line":32,"column":2},"end":{"line":34,"column":3}},"type":"if","locations":[{"start":{"line":32,"column":2},"end":{"line":34,"column":3}},{"start":{"line":32,"column":2},"end":{"line":34,"column":3}}],"line":32}},"s":{"0":8,"1":8,"2":8,"3":8,"4":8,"5":8,"6":8,"7":8,"8":8,"9":8,"10":8,"11":8,"12":8,"13":8,"14":8,"15":0,"16":8,"17":8,"18":8},"f":{"0":8},"b":{"0":[0,8]},"_coverageSchema":"43e27e138ebf9cfc5966b082cf9a028302ed4184","hash":"d2495eb7cd8ce8c2ad9b245d182b873da8f765d9","contentHash":"45a11d60752b2806cabc3da4c67189c2"},"/home/yobertyalej/code/exodus/iot/db/lib/db.js":{"path":"/home/yobertyalej/code/exodus/iot/db/lib/db.js","statementMap":{"0":{"start":{"line":3,"column":18},"end":{"line":3,"column":38}},"1":{"start":{"line":4,"column":16},"end":{"line":4,"column":20}},"2":{"start":{"line":6,"column":0},"end":{"line":11,"column":1}},"3":{"start":{"line":7,"column":2},"end":{"line":9,"column":3}},"4":{"start":{"line":8,"column":4},"end":{"line":8,"column":37}},"5":{"start":{"line":10,"column":2},"end":{"line":10,"column":18}}},"fnMap":{"0":{"name":"setupDatabase","decl":{"start":{"line":6,"column":26},"end":{"line":6,"column":39}},"loc":{"start":{"line":6,"column":49},"end":{"line":11,"column":1}},"line":6}},"branchMap":{"0":{"loc":{"start":{"line":7,"column":2},"end":{"line":9,"column":3}},"type":"if","locations":[{"start":{"line":7,"column":2},"end":{"line":9,"column":3}},{"start":{"line":7,"column":2},"end":{"line":9,"column":3}}],"line":7}},"s":{"0":1,"1":1,"2":1,"3":8,"4":1,"5":8},"f":{"0":8},"b":{"0":[1,7]},"_coverageSchema":"43e27e138ebf9cfc5966b082cf9a028302ed4184","hash":"6deab699fdc6f8a8a552a01a5a46059273e5cc03","contentHash":"ab7189d5cafdeb13f798bd58e4cbd52a"},"/home/yobertyalej/code/exodus/iot/db/models/agent.js":{"path":"/home/yobertyalej/code/exodus/iot/db/models/agent.js","statementMap":{"0":{"start":{"line":3,"column":18},"end":{"line":3,"column":38}},"1":{"start":{"line":4,"column":22},"end":{"line":4,"column":42}},"2":{"start":{"line":6,"column":0},"end":{"line":36,"column":1}},"3":{"start":{"line":7,"column":20},"end":{"line":7,"column":41}},"4":{"start":{"line":9,"column":2},"end":{"line":35,"column":4}}},"fnMap":{"0":{"name":"setupAgentModel","decl":{"start":{"line":6,"column":26},"end":{"line":6,"column":41}},"loc":{"start":{"line":6,"column":51},"end":{"line":36,"column":1}},"line":6}},"branchMap":{},"s":{"0":1,"1":1,"2":1,"3":0,"4":0},"f":{"0":0},"b":{},"_coverageSchema":"43e27e138ebf9cfc5966b082cf9a028302ed4184","hash":"b159f8886d0c5ad95c154004da67835290073d52","contentHash":"6adc3706abbd59ab9784d72c2415a59d"},"/home/yobertyalej/code/exodus/iot/db/models/metric.js":{"path":"/home/yobertyalej/code/exodus/iot/db/models/metric.js","statementMap":{"0":{"start":{"line":3,"column":18},"end":{"line":3,"column":38}},"1":{"start":{"line":4,"column":22},"end":{"line":4,"column":42}},"2":{"start":{"line":6,"column":0},"end":{"line":19,"column":1}},"3":{"start":{"line":7,"column":20},"end":{"line":7,"column":41}},"4":{"start":{"line":9,"column":2},"end":{"line":18,"column":4}}},"fnMap":{"0":{"name":"setupMetricModel","decl":{"start":{"line":6,"column":26},"end":{"line":6,"column":42}},"loc":{"start":{"line":6,"column":52},"end":{"line":19,"column":1}},"line":6}},"branchMap":{},"s":{"0":1,"1":1,"2":1,"3":0,"4":0},"f":{"0":0},"b":{},"_coverageSchema":"43e27e138ebf9cfc5966b082cf9a028302ed4184","hash":"59048282edec56306e6017d5571552800d01a97b","contentHash":"825f816aaa602cce9f7303a10766069d"},"/home/yobertyalej/code/exodus/iot/db/lib/AgentService.js":{"path":"/home/yobertyalej/code/exodus/iot/db/lib/AgentService.js","statementMap":{"0":{"start":{"line":3,"column":20},"end":{"line":3,"column":44}},"1":{"start":{"line":7,"column":4},"end":{"line":7,"column":21}},"2":{"start":{"line":8,"column":4},"end":{"line":8,"column":32}},"3":{"start":{"line":12,"column":0},"end":{"line":12,"column":29}}},"fnMap":{"0":{"name":"(anonymous_0)","decl":{"start":{"line":6,"column":2},"end":{"line":6,"column":3}},"loc":{"start":{"line":6,"column":27},"end":{"line":9,"column":3}},"line":6}},"branchMap":{},"s":{"0":1,"1":8,"2":8,"3":1},"f":{"0":8},"b":{},"_coverageSchema":"43e27e138ebf9cfc5966b082cf9a028302ed4184","hash":"d648516952b332b70f7299ba50ddda690ab0c928","contentHash":"dab9e05b76ccea391e5346c69c8f98e7"},"/home/yobertyalej/code/exodus/iot/db/lib/BaseService.js":{"path":"/home/yobertyalej/code/exodus/iot/db/lib/BaseService.js","statementMap":{"0":{"start":{"line":5,"column":4},"end":{"line":5,"column":22}},"1":{"start":{"line":9,"column":4},"end":{"line":9,"column":34}},"2":{"start":{"line":13,"column":4},"end":{"line":17,"column":6}},"3":{"start":{"line":21,"column":4},"end":{"line":21,"column":31}},"4":{"start":{"line":25,"column":17},"end":{"line":29,"column":5}},"5":{"start":{"line":31,"column":26},"end":{"line":31,"column":56}},"6":{"start":{"line":33,"column":4},"end":{"line":36,"column":5}},"7":{"start":{"line":34,"column":22},"end":{"line":34,"column":61}},"8":{"start":{"line":35,"column":6},"end":{"line":35,"column":63}},"9":{"start":{"line":38,"column":19},"end":{"line":38,"column":52}},"10":{"start":{"line":39,"column":4},"end":{"line":39,"column":26}},"11":{"start":{"line":43,"column":4},"end":{"line":47,"column":6}},"12":{"start":{"line":51,"column":4},"end":{"line":56,"column":6}},"13":{"start":{"line":60,"column":4},"end":{"line":65,"column":6}},"14":{"start":{"line":69,"column":0},"end":{"line":69,"column":29}}},"fnMap":{"0":{"name":"(anonymous_0)","decl":{"start":{"line":4,"column":2},"end":{"line":4,"column":3}},"loc":{"start":{"line":4,"column":22},"end":{"line":6,"column":3}},"line":4},"1":{"name":"(anonymous_1)","decl":{"start":{"line":8,"column":2},"end":{"line":8,"column":3}},"loc":{"start":{"line":8,"column":12},"end":{"line":10,"column":3}},"line":8},"2":{"name":"(anonymous_2)","decl":{"start":{"line":12,"column":2},"end":{"line":12,"column":3}},"loc":{"start":{"line":12,"column":16},"end":{"line":18,"column":3}},"line":12},"3":{"name":"(anonymous_3)","decl":{"start":{"line":20,"column":2},"end":{"line":20,"column":3}},"loc":{"start":{"line":20,"column":15},"end":{"line":22,"column":3}},"line":20},"4":{"name":"(anonymous_4)","decl":{"start":{"line":24,"column":2},"end":{"line":24,"column":3}},"loc":{"start":{"line":24,"column":34},"end":{"line":40,"column":3}},"line":24},"5":{"name":"(anonymous_5)","decl":{"start":{"line":42,"column":2},"end":{"line":42,"column":3}},"loc":{"start":{"line":42,"column":15},"end":{"line":48,"column":3}},"line":42},"6":{"name":"(anonymous_6)","decl":{"start":{"line":50,"column":2},"end":{"line":50,"column":3}},"loc":{"start":{"line":50,"column":24},"end":{"line":57,"column":3}},"line":50},"7":{"name":"(anonymous_7)","decl":{"start":{"line":59,"column":2},"end":{"line":59,"column":3}},"loc":{"start":{"line":59,"column":23},"end":{"line":66,"column":3}},"line":59}},"branchMap":{"0":{"loc":{"start":{"line":33,"column":4},"end":{"line":36,"column":5}},"type":"if","locations":[{"start":{"line":33,"column":4},"end":{"line":36,"column":5}},{"start":{"line":33,"column":4},"end":{"line":36,"column":5}}],"line":33},"1":{"loc":{"start":{"line":35,"column":13},"end":{"line":35,"column":63}},"type":"cond-expr","locations":[{"start":{"line":35,"column":23},"end":{"line":35,"column":47}},{"start":{"line":35,"column":50},"end":{"line":35,"column":63}}],"line":35}},"s":{"0":8,"1":1,"2":1,"3":0,"4":2,"5":2,"6":2,"7":1,"8":1,"9":1,"10":1,"11":1,"12":1,"13":0,"14":1},"f":{"0":8,"1":1,"2":1,"3":0,"4":2,"5":1,"6":1,"7":0},"b":{"0":[1,1],"1":[1,0]},"_coverageSchema":"43e27e138ebf9cfc5966b082cf9a028302ed4184","hash":"e1149a64fef768ecc0ae1ba5c48dadf2de96b1e4","contentHash":"0ea99cd4cf11439c09cb04b44914e6c0"},"/home/yobertyalej/code/exodus/iot/db/lib/MetricService.js":{"path":"/home/yobertyalej/code/exodus/iot/db/lib/MetricService.js","statementMap":{"0":{"start":{"line":5,"column":4},"end":{"line":5,"column":34}},"1":{"start":{"line":6,"column":4},"end":{"line":6,"column":32}},"2":{"start":{"line":10,"column":4},"end":{"line":19,"column":6}},"3":{"start":{"line":23,"column":4},"end":{"line":34,"column":6}},"4":{"start":{"line":37,"column":18},"end":{"line":39,"column":6}},"5":{"start":{"line":41,"column":4},"end":{"line":45,"column":5}},"6":{"start":{"line":42,"column":6},"end":{"line":42,"column":50}},"7":{"start":{"line":43,"column":19},"end":{"line":43,"column":56}},"8":{"start":{"line":44,"column":6},"end":{"line":44,"column":28}},"9":{"start":{"line":49,"column":0},"end":{"line":49,"column":30}}},"fnMap":{"0":{"name":"(anonymous_0)","decl":{"start":{"line":4,"column":2},"end":{"line":4,"column":3}},"loc":{"start":{"line":4,"column":40},"end":{"line":7,"column":3}},"line":4},"1":{"name":"(anonymous_1)","decl":{"start":{"line":9,"column":2},"end":{"line":9,"column":3}},"loc":{"start":{"line":9,"column":31},"end":{"line":20,"column":3}},"line":9},"2":{"name":"(anonymous_2)","decl":{"start":{"line":22,"column":2},"end":{"line":22,"column":3}},"loc":{"start":{"line":22,"column":41},"end":{"line":35,"column":3}},"line":22},"3":{"name":"(anonymous_3)","decl":{"start":{"line":36,"column":2},"end":{"line":36,"column":3}},"loc":{"start":{"line":36,"column":30},"end":{"line":46,"column":3}},"line":36}},"branchMap":{"0":{"loc":{"start":{"line":41,"column":4},"end":{"line":45,"column":5}},"type":"if","locations":[{"start":{"line":41,"column":4},"end":{"line":45,"column":5}},{"start":{"line":41,"column":4},"end":{"line":45,"column":5}}],"line":41}},"s":{"0":8,"1":8,"2":0,"3":0,"4":0,"5":0,"6":0,"7":0,"8":0,"9":1},"f":{"0":8,"1":0,"2":0,"3":0},"b":{"0":[0,0]},"_coverageSchema":"43e27e138ebf9cfc5966b082cf9a028302ed4184","hash":"dafb458a03ed05fb65f00e897298a98099a6e887","contentHash":"37e6151983927367667819a06e1abb10"}}